<?xml version="1.0" encoding="UTF-8"?>
<!-- Generated by org.testng.reporters.JUnitReportReporter -->
<testsuite hostname="Shree" failures="0" tests="3" name="tests.BaseTest" time="4.675" errors="0" timestamp="2025-06-20T15:27:46 IST" skipped="0">
  <testcase classname="tests.BaseTest" name="loginToGitHub" time="2.769"/>
  <system-out/>
  <testcase classname="tests.BaseTest" name="navigateToUserProfile" time="0.268"/>
  <system-out/>
  <testcase classname="tests.BaseTest" name="validateLoggedinUserName" time="1.638"/>
  <system-out/>
</testsuite> <!-- tests.BaseTest -->
